mvn : WARNING: A 
terminally 
deprecated method in 
sun.misc.Unsafe has 
been called
Au caractère Ligne:1 
: 1
+ mvn compile 
-DskipTests > 
build.log 2>&1
+ ~~~~~~~~~~~~~~~~~~~
~~~~~~~~~~~~~~~~~~~~~
    + CategoryInfo   
           : NotSpe  
  cified: (WARNING   
 : A term...has b    
een called:Strin    
g) [], RemoteExc    
eption
    + FullyQualified 
   ErrorId : Native  
  CommandError
 
WARNING: sun.misc.Uns
afe::staticFieldBase 
has been called by co
m.google.inject.inter
nal.aop.HiddenClassDe
finer (file:/C:/Progr
amData/chocolatey/lib
/maven/apache-maven-3
.9.11/lib/guice-5.1.0
-classes.jar)
WARNING: Please 
consider reporting 
this to the 
maintainers of class 
com.google.inject.int
ernal.aop.HiddenClass
Definer
WARNING: sun.misc.Uns
afe::staticFieldBase 
will be removed in a 
future release
[INFO] Scanning for projects...
[INFO] 
[INFO] -------------------< com.examen.stock:gestion-stock >-------------------
[INFO] Building gestion-stock 1.0-SNAPSHOT
[INFO]   from pom.xml
[INFO] --------------------------------[ jar ]---------------------------------
[WARNING] 6 problems were encountered while building the effective model for org.openjfx:javafx-controls:jar:17.0.8 during dependency collection step for project (use -X to see details)
[INFO] 
[INFO] --- resources:3.3.1:resources (default-resources) @ gestion-stock ---
[INFO] Copying 6 resources from src\main\resources to target\classes
[INFO] 
[INFO] --- compiler:3.13.0:compile (default-compile) @ gestion-stock ---
[INFO] Recompiling the module because of changed source code.
[INFO] Compiling 20 source files with javac [debug target 17] to target\classes
[INFO] -------------------------------------------------------------
[WARNING] COMPILATION WARNING : 
[INFO] -------------------------------------------------------------
[WARNING] location of system modules is not set in conjunction with -source 17
  not setting the location of system modules may lead to class files that cannot run on JDK 17
    --release 17 is recommended instead of -source 17 -target 17 because it sets the location of system modules automatically
[INFO] 1 warning
[INFO] -------------------------------------------------------------
[INFO] -------------------------------------------------------------
[ERROR] COMPILATION ERROR : 
[INFO] -------------------------------------------------------------
[ERROR] /C:/2025-2026/Java/projet Java 2025/prÚparation examen/Partie A projet 2/src/main/java/com/examen/stock/view/CatalogueController.java:[48,46] cannot find symbol
  symbol:   method recupererTousLesCatalogues()
  location: variable catalogueService of type com.examen.stock.service.CatalogueService
[INFO] 1 error
[INFO] -------------------------------------------------------------
[INFO] ------------------------------------------------------------------------
[INFO] BUILD FAILURE
[INFO] ------------------------------------------------------------------------
[INFO] Total time:  1.777 s
[INFO] Finished at: 2026-01-05T21:00:41-05:00
[INFO] ------------------------------------------------------------------------
[ERROR] Failed to execute goal org.apache.maven.plugins:maven-compiler-plugin:3.13.0:compile (default-compile) on project gestion-stock: Compilation failure
[ERROR] /C:/2025-2026/Java/projet Java 2025/prÚparation examen/Partie A projet 2/src/main/java/com/examen/stock/view/CatalogueController.java:[48,46] cannot find symbol
[ERROR]   symbol:   method recupererTousLesCatalogues()
[ERROR]   location: variable catalogueService of type com.examen.stock.service.CatalogueService
[ERROR] 
[ERROR] -> [Help 1]
[ERROR] 
[ERROR] To see the full stack trace of the errors, re-run Maven with the -e switch.
[ERROR] Re-run Maven using the -X switch to enable full debug logging.
[ERROR] 
[ERROR] For more information about the errors and possible solutions, please read the following articles:
[ERROR] [Help 1] http://cwiki.apache.org/confluence/display/MAVEN/MojoFailureException
